mnoAndBase/build/outputs/mapping/release/seeds.txt
com.ab.activity.AbActivity
com.ab.db.storage.AbStorageQuery$SortOrder: com.ab.db.storage.AbStorageQuery$SortOrder[] values()
com.ab.db.storage.AbStorageQuery$SortOrder: com.ab.db.storage.AbStorageQuery$SortOrder valueOf(java.lang.String)
com.ab.network.toolbox.Request$Priority: com.ab.network.toolbox.Request$Priority[] values()
com.ab.network.toolbox.Request$Priority: com.ab.network.toolbox.Request$Priority valueOf(java.lang.String)
com.ab.view.app.AbCompassView
com.ab.view.app.AbCompassView: AbCompassView(android.content.Context,android.util.AttributeSet)
com.ab.view.app.AbFocusView
com.ab.view.app.AbFocusView: AbFocusView(android.content.Context,android.util.AttributeSet)
com.ab.view.app.AbFocusView: AbFocusView(android.content.Context,android.util.AttributeSet,int)
com.ab.view.app.AbMonitorView
com.ab.view.app.AbMonitorView: AbMonitorView(android.content.Context,android.util.AttributeSet)
com.ab.view.app.AbPopoverView
com.ab.view.app.AbPopoverView: AbPopoverView(android.content.Context,android.util.AttributeSet)
com.ab.view.app.AbPopoverView: AbPopoverView(android.content.Context,android.util.AttributeSet,int)
com.ab.view.calendar.CalendarHeader
com.ab.view.calendar.CalendarHeader: CalendarHeader(android.content.Context,android.util.AttributeSet)
com.ab.view.calendar.CalendarView
com.ab.view.calendar.CalendarView: CalendarView(android.content.Context,android.util.AttributeSet)
com.ab.view.carousel.CarouselAdapter
com.ab.view.carousel.CarouselAdapter: CarouselAdapter(android.content.Context,android.util.AttributeSet)
com.ab.view.carousel.CarouselAdapter: CarouselAdapter(android.content.Context,android.util.AttributeSet,int)
com.ab.view.carousel.CarouselImageView
com.ab.view.carousel.CarouselImageView: CarouselImageView(android.content.Context,android.util.AttributeSet)
com.ab.view.carousel.CarouselImageView: CarouselImageView(android.content.Context,android.util.AttributeSet,int)
com.ab.view.carousel.CarouselSpinner
com.ab.view.carousel.CarouselSpinner: CarouselSpinner(android.content.Context,android.util.AttributeSet)
com.ab.view.carousel.CarouselSpinner: CarouselSpinner(android.content.Context,android.util.AttributeSet,int)
com.ab.view.carousel.CarouselSpinner$SavedState
com.ab.view.carousel.CarouselSpinner$SavedState: android.os.Parcelable$Creator CREATOR
com.ab.view.carousel.CarouselView
com.ab.view.carousel.CarouselView: CarouselView(android.content.Context,android.util.AttributeSet)
com.ab.view.carousel.CarouselView: CarouselView(android.content.Context,android.util.AttributeSet,int)
com.ab.view.chart.BarChart$Type: com.ab.view.chart.BarChart$Type[] values()
com.ab.view.chart.BarChart$Type: com.ab.view.chart.BarChart$Type valueOf(java.lang.String)
com.ab.view.chart.PointStyle: com.ab.view.chart.PointStyle[] values()
com.ab.view.chart.PointStyle: com.ab.view.chart.PointStyle valueOf(java.lang.String)
com.ab.view.chart.XYMultipleSeriesRenderer$Orientation: com.ab.view.chart.XYMultipleSeriesRenderer$Orientation[] values()
com.ab.view.chart.XYMultipleSeriesRenderer$Orientation: com.ab.view.chart.XYMultipleSeriesRenderer$Orientation valueOf(java.lang.String)
com.ab.view.cropimage.CropImageView
com.ab.view.cropimage.CropImageView: CropImageView(android.content.Context,android.util.AttributeSet)
com.ab.view.cropimage.CropViewBase
com.ab.view.cropimage.CropViewBase: CropViewBase(android.content.Context,android.util.AttributeSet)
com.ab.view.cropimage.HighlightView$ModifyMode: com.ab.view.cropimage.HighlightView$ModifyMode[] values()
com.ab.view.cropimage.HighlightView$ModifyMode: com.ab.view.cropimage.HighlightView$ModifyMode valueOf(java.lang.String)
com.ab.view.level.AbLevelView
com.ab.view.level.AbLevelView: AbLevelView(android.content.Context,android.util.AttributeSet,int)
com.ab.view.level.AbLevelView: AbLevelView(android.content.Context,android.util.AttributeSet)
com.ab.view.progress.AbCircleProgressBar
com.ab.view.progress.AbCircleProgressBar: AbCircleProgressBar(android.content.Context,android.util.AttributeSet)
...
com.google.gson.FieldNamingPolicy: com.google.gson.FieldNamingPolicy[] values()
com.google.gson.FieldNamingPolicy: com.google.gson.FieldNamingPolicy valueOf(java.lang.String)
com.google.gson.LongSerializationPolicy: com.google.gson.LongSerializationPolicy[] values()
com.google.gson.LongSerializationPolicy: com.google.gson.LongSerializationPolicy valueOf(java.lang.String)
com.google.gson.stream.JsonScope: com.google.gson.stream.JsonScope[] values()
com.google.gson.stream.JsonScope: com.google.gson.stream.JsonScope valueOf(java.lang.String)
com.google.gson.stream.JsonToken: com.google.gson.stream.JsonToken[] values()
com.google.gson.stream.JsonToken: com.google.gson.stream.JsonToken valueOf(java.lang.String)