mnoAndBase/build/outputs/mapping/release/mapping.txt
com.ab.activity.AbActivity -> com.ab.activity.AbActivity:
    android.view.LayoutInflater mInflater -> a
    android.app.Application abApplication -> b
    android.widget.RelativeLayout ab_base -> c
    com.ab.view.titlebar.AbTitleBar mAbTitleBar -> e
    com.ab.view.titlebar.AbBottomBar mAbBottomBar -> f
    android.widget.RelativeLayout contentLayout -> d
    void <init>() -> <init>
    void onCreate(android.os.Bundle) -> onCreate
    void finish() -> finish
    void setContentView(int) -> setContentView
    void setContentView(android.view.View,android.view.ViewGroup$LayoutParams) -> setContentView
    void setContentView(android.view.View) -> setContentView
    void initIocView() -> a
    void setListener(java.lang.reflect.Field,java.lang.String,int) -> a
com.ab.adapter.AbViewPagerAdapter -> com.ab.a.a:
    android.content.Context mContext -> a
    java.util.ArrayList mListViews -> b
    java.util.HashMap mViews -> c
    void <init>(android.content.Context,java.util.ArrayList) -> <init>
    int getCount() -> getCount
    boolean isViewFromObject(android.view.View,java.lang.Object) -> isViewFromObject
    java.lang.Object instantiateItem(android.view.View,int) -> instantiateItem
    void destroyItem(android.view.View,int,java.lang.Object) -> destroyItem
    int getItemPosition(java.lang.Object) -> getItemPosition
com.ab.global.AbAppConfig -> com.ab.b.a:
    int UI_WIDTH -> a
    int UI_HEIGHT -> b
    int UI_DENSITY -> c
    java.lang.String SHARED_PATH -> d
    java.lang.String DOWNLOAD_ROOT_DIR -> e
    java.lang.String DOWNLOAD_IMAGE_DIR -> f
    java.lang.String DOWNLOAD_FILE_DIR -> g
    java.lang.String CACHE_DIR -> h
    java.lang.String DB_DIR -> i
    int IMAGE_CACHE_EXPIRES_TIME -> j
    int MAX_CACHE_SIZE_INBYTES -> k
    java.lang.String CONNECT_EXCEPTION -> l
    java.lang.String UNKNOWN_HOST_EXCEPTION -> m
    java.lang.String SOCKET_EXCEPTION -> n
    java.lang.String SOCKET_TIMEOUT_EXCEPTION -> o
    java.lang.String NULL_POINTER_EXCEPTION -> p
    java.lang.String NULL_MESSAGE_EXCEPTION -> q
    java.lang.String CLIENT_PROTOCOL_EXCEPTION -> r
    java.lang.String MISSING_PARAMETERS -> s
    java.lang.String REMOTE_SERVICE_EXCEPTION -> t
    java.lang.String NOT_FOUND_EXCEPTION -> u
    java.lang.String UNTREATED_EXCEPTION -> v
    void <clinit>() -> <clinit>
com.ab.global.AbAppException -> com.ab.b.b:
    java.lang.String msg -> a
    void <init>(java.lang.String) -> <init>
    java.lang.String getMessage() -> getMessage
com.ab.util.AbAppUtil -> com.ab.c.a:
    java.util.List mProcessList -> a
    android.util.DisplayMetrics getDisplayMetrics(android.content.Context) -> a
    void <clinit>() -> <clinit>
com.ab.util.AbDateUtil -> com.ab.c.b:
    void <init>() -> <init>
    java.lang.String getCurrentDate(java.lang.String) -> a
com.ab.util.AbFileUtil -> com.ab.c.c:
    java.lang.String downloadRootDir -> a
    java.lang.String imageDownloadDir -> b
    java.lang.String fileDownloadDir -> c
    java.lang.String cacheDownloadDir -> d
    java.lang.String dbDownloadDir -> e
    int freeSdSpaceNeededToCache -> f
    void <init>() -> <init>
    android.graphics.Bitmap getBitmapFromSrc(java.lang.String) -> a
    void <clinit>() -> <clinit>
com.ab.util.AbLogUtil -> com.ab.c.d:
    boolean D -> a
    boolean I -> b
    boolean E -> c
    long startLogTimeInMillis -> d
    void d(java.lang.Class,java.lang.String) -> a
    void <clinit>() -> <clinit>
com.ab.util.AbViewUtil -> com.ab.c.e:
    void measureView(android.view.View) -> a
    int scaleValue(android.content.Context,float) -> a
    int scaleTextValue(android.content.Context,float) -> b
    int scale(int,int,float) -> a
    void setTextSize(android.widget.TextView,float) -> a
    void setPadding$5b6f797d(android.view.View,int,int) -> a