mnoAndBase/build/outputs/mapping/release/usage.txt
com.ab.BuildConfig
com.ab.R
com.ab.R$attr
com.ab.R$drawable
com.ab.R$string
com.ab.activity.AbActivity:
    123:127:public void setAbContentView(android.view.View)
    134:135:public void setAbContentView(int)
    142:143:public com.ab.view.titlebar.AbTitleBar getTitleBar()
    151:151:public com.ab.view.titlebar.AbBottomBar getBottomBar()
    170:195:public void setTitleBarOverlay(boolean)
com.ab.db.AbBasicDBDao
com.ab.db.MyDBHelper
com.ab.db.orm.AbDBHelper
com.ab.db.orm.AbSDDBHelper
com.ab.db.orm.AbSDSQLiteOpenHelper
com.ab.db.orm.AbTableHelper
com.ab.db.orm.annotation.ActionType
com.ab.db.orm.annotation.Column
com.ab.db.orm.annotation.Id
com.ab.db.orm.annotation.Relations
com.ab.db.orm.annotation.RelationsType
com.ab.db.orm.annotation.Table
com.ab.db.orm.dao.AbDBDao
com.ab.db.orm.dao.AbDBDaoImpl
com.ab.db.storage.AbDBStatus
com.ab.db.storage.AbSqliteStorage
com.ab.db.storage.AbSqliteStorage$1
com.ab.db.storage.AbSqliteStorage$2
com.ab.db.storage.AbSqliteStorage$3
com.ab.db.storage.AbSqliteStorage$4
com.ab.db.storage.AbSqliteStorage$5
com.ab.db.storage.AbSqliteStorage$6
com.ab.db.storage.AbSqliteStorageListener
com.ab.db.storage.AbSqliteStorageListener$AbDataDeleteListener
com.ab.db.storage.AbSqliteStorageListener$AbDataInsertListListener
com.ab.db.storage.AbSqliteStorageListener$AbDataInsertListener
com.ab.db.storage.AbSqliteStorageListener$AbDataSelectListener
com.ab.db.storage.AbSqliteStorageListener$AbDataUpdateListener
com.ab.db.storage.AbStorageQuery
com.ab.db.storage.AbStorageQuery$SortOrder
com.ab.download.AbDownloadProgressListener
com.ab.download.AbDownloadThread
com.ab.download.AbFileDownloader
com.ab.download.DownFile
com.ab.download.DownFileDao
com.ab.fragment.AbAlertDialogFragment
com.ab.fragment.AbAlertDialogFragment$1
com.ab.fragment.AbAlertDialogFragment$2
com.ab.fragment.AbAlertDialogFragment$AbDialogOnClickListener
com.ab.fragment.AbDialogFragment
com.ab.fragment.AbDialogFragment$1
com.ab.fragment.AbDialogFragment$AbDialogOnLoadListener
com.ab.fragment.AbFragment
com.ab.fragment.AbFragment$1
com.ab.fragment.AbFragment$2
com.ab.fragment.AbFragment$3
com.ab.fragment.AbFragment$AbFragmentOnLoadListener
com.ab.fragment.AbLoadDialogFragment
com.ab.fragment.AbLoadDialogFragment$1
com.ab.fragment.AbProgressDialogFragment
com.ab.fragment.AbRefreshDialogFragment
com.ab.fragment.AbRefreshDialogFragment$1
com.ab.fragment.AbSampleDialogFragment
com.ab.fragment.AbSampleFragment
com.ab.global.AbAppConfig:
    31:31:public AbAppConfig()
com.ab.global.AbAppData
com.ab.global.AbAppException:
    private static final long serialVersionUID
    47:84:public AbAppException(java.lang.Exception)
com.ab.global.AbConstant
com.ab.http.AbBinaryHttpResponseListener
com.ab.http.AbFileHttpResponseListener
com.ab.http.AbGzipDecompressingEntity
com.ab.http.AbHttpClient
com.ab.http.AbHttpClient$1
com.ab.http.AbHttpClient$2
com.ab.http.AbHttpClient$3
com.ab.http.AbHttpClient$RedirectionResponseHandler
com.ab.http.AbHttpClient$ResponderHandler
com.ab.http.AbHttpListener
com.ab.http.AbHttpResponseListener
com.ab.http.AbHttpStatus
com.ab.http.AbHttpUtil
com.ab.http.AbMultipartEntity
com.ab.http.AbMultipartEntity$FilePart
com.ab.http.AbRequestParams
com.ab.http.AbRequestParams$FileWrapper
com.ab.http.AbStringHttpResponseListener
com.ab.http.AuthSSLInitializationError
com.ab.http.AuthSSLProtocolSocketFactory
com.ab.http.AuthSSLX509TrustManager
com.ab.http.EasySSLProtocolSocketFactory
com.ab.http.EasyX509TrustManager
com.ab.image.AbImageCache
com.ab.image.AbImageCache$1
com.ab.image.AbImageLoader
com.ab.image.AbImageLoader$1
com.ab.image.AbImageLoader$2
com.ab.image.AbImageLoader$OnImageListener
com.ab.image.toolbox.ImageLoader
com.ab.image.toolbox.ImageLoader$1
com.ab.image.toolbox.ImageLoader$2
com.ab.image.toolbox.ImageLoader$3
com.ab.image.toolbox.ImageLoader$BatchedImageRequest
com.ab.image.toolbox.ImageLoader$ImageCache
com.ab.image.toolbox.ImageLoader$ImageContainer
com.ab.image.toolbox.ImageLoader$ImageListener
...
com.google.gson.DefaultDateTypeAdapter
com.google.gson.ExclusionStrategy
com.google.gson.FieldAttributes
com.google.gson.FieldNamingPolicy
com.google.gson.FieldNamingPolicy$1
com.google.gson.FieldNamingPolicy$2
com.google.gson.FieldNamingPolicy$3
com.google.gson.FieldNamingPolicy$4
com.google.gson.FieldNamingPolicy$5
com.google.gson.FieldNamingStrategy
com.google.gson.Gson
com.google.gson.Gson$1
com.google.gson.Gson$2
com.google.gson.Gson$3
com.google.gson.Gson$4
com.google.gson.Gson$5
com.google.gson.Gson$6
com.google.gson.Gson$7
com.google.gson.Gson$FutureTypeAdapter
com.google.gson.GsonBuilder
com.google.gson.InstanceCreator
com.google.gson.JsonArray
com.google.gson.JsonDeserializationContext
com.google.gson.JsonDeserializer
com.google.gson.JsonElement
com.google.gson.JsonIOException
com.google.gson.JsonNull
com.google.gson.JsonObject
com.google.gson.JsonParseException
com.google.gson.JsonParser
com.google.gson.JsonPrimitive
com.google.gson.JsonSerializationContext
com.google.gson.JsonSerializer
com.google.gson.JsonStreamParser
com.google.gson.JsonSyntaxException
com.google.gson.LongSerializationPolicy
com.google.gson.LongSerializationPolicy$1
com.google.gson.LongSerializationPolicy$2
com.google.gson.TreeTypeAdapter
com.google.gson.TreeTypeAdapter$1
com.google.gson.TreeTypeAdapter$SingleTypeFactory
com.google.gson.TypeAdapter
com.google.gson.TypeAdapter$1
com.google.gson.TypeAdapterFactory
com.google.gson.annotations.Expose
com.google.gson.annotations.SerializedName
com.google.gson.annotations.Since
com.google.gson.annotations.Until
com.google.gson.internal.$Gson$Preconditions
com.google.gson.internal.$Gson$Types
com.google.gson.internal.$Gson$Types$GenericArrayTypeImpl
com.google.gson.internal.$Gson$Types$ParameterizedTypeImpl
com.google.gson.internal.$Gson$Types$WildcardTypeImpl
com.google.gson.internal.ConstructorConstructor
com.google.gson.internal.ConstructorConstructor$1
com.google.gson.internal.ConstructorConstructor$2
com.google.gson.internal.ConstructorConstructor$3
com.google.gson.internal.ConstructorConstructor$4
com.google.gson.internal.ConstructorConstructor$5
com.google.gson.internal.ConstructorConstructor$6
com.google.gson.internal.ConstructorConstructor$7
com.google.gson.internal.ConstructorConstructor$8
com.google.gson.internal.Excluder
com.google.gson.internal.Excluder$1
com.google.gson.internal.GsonInternalAccess
com.google.gson.internal.JsonReaderInternalAccess
com.google.gson.internal.LazilyParsedNumber
com.google.gson.internal.ObjectConstructor
com.google.gson.internal.Pair
com.google.gson.internal.Primitives
com.google.gson.internal.Streams
com.google.gson.internal.Streams$1
com.google.gson.internal.Streams$AppendableWriter
com.google.gson.internal.Streams$AppendableWriter$CurrentWrite
com.google.gson.internal.UnsafeAllocator
com.google.gson.internal.UnsafeAllocator$1
com.google.gson.internal.UnsafeAllocator$2
com.google.gson.internal.UnsafeAllocator$3
com.google.gson.internal.UnsafeAllocator$4
com.google.gson.internal.bind.ArrayTypeAdapter
com.google.gson.internal.bind.ArrayTypeAdapter$1
com.google.gson.internal.bind.BigDecimalTypeAdapter
com.google.gson.internal.bind.BigIntegerTypeAdapter
com.google.gson.internal.bind.CollectionTypeAdapterFactory
com.google.gson.internal.bind.CollectionTypeAdapterFactory$Adapter
com.google.gson.internal.bind.DateTypeAdapter
com.google.gson.internal.bind.DateTypeAdapter$1
com.google.gson.internal.bind.JsonTreeReader
com.google.gson.internal.bind.JsonTreeReader$1
com.google.gson.internal.bind.JsonTreeWriter
com.google.gson.internal.bind.JsonTreeWriter$1
com.google.gson.internal.bind.MapTypeAdapterFactory
com.google.gson.internal.bind.MapTypeAdapterFactory$Adapter
com.google.gson.internal.bind.ObjectTypeAdapter
com.google.gson.internal.bind.ObjectTypeAdapter$1
com.google.gson.internal.bind.ObjectTypeAdapter$2
com.google.gson.internal.bind.ReflectiveTypeAdapterFactory
com.google.gson.internal.bind.ReflectiveTypeAdapterFactory$1